<?xml version="1.0" encoding="UTF-8"?>
<!-- Generated by org.testng.reporters.JUnitXMLReporter -->
<testsuite ignored="16" hostname="DESKTOP-6L476PM" failures="0" tests="26" name="Regression Test" time="49.689" errors="0" timestamp="2022-03-06T22:56:11 EET">
  <testcase classname="tests.UserRegistrationTest" name="UserRegisterSuccessfully" time="2.99"/>
  <testcase classname="tests.UserRegistrationTest" name="RegisteredUserCanLogout" time="1.048"/>
  <testcase classname="tests.UserRegistrationTest" name="RegisteredUserLoginSuccessfully" time="2.089"/>
  <testcase classname="tests.UserRegistrationTest" name="RegisteredUserLogout" time="1.099"/>
  <testcase classname="tests.AddToWishlistTest" name="UserCanSearchWithSuggest" time="2.791"/>
  <testcase classname="tests.AddToWishlistTest" name="UserCanAddProductToWishlist" time="1.779"/>
  <testcase classname="tests.AddToWishlistTest" name="UserCanRemoveProductFromWishlist" time="0.656"/>
  <testcase classname="tests.AddToCartTest" name="UserCanSearchWithSuggest" time="2.033"/>
  <testcase classname="tests.AddToCartTest" name="UserCanAddProductToCart" time="4.685"/>
  <testcase classname="tests.AddToCartTest" name="UserCanRemoveFromCart" time="1.694"/>
  <testcase classname="tests.AddReviewTest" name="RegisteredUserLoginSuccessfully" time="1.831"/>
  <testcase classname="tests.AddReviewTest" name="UserCanSearchWithSuggest" time="2.059"/>
  <testcase classname="tests.AddReviewTest" name="UserCanAddReview" time="2.148"/>
  <testcase classname="tests.AddReviewTest" name="RegisteredUserCanLogout" time="1.504"/>
  <testcase classname="tests.HoverMenuTest" name="UserCanSelectFromHoverMenu" time="1.222"/>
  <testcase classname="tests.EmailFriendTest" name="RegisteredUserLoginSuccessfully" time="1.979"/>
  <testcase classname="tests.EmailFriendTest" name="UserCanSearchWithSuggest" time="2.074"/>
  <testcase classname="tests.EmailFriendTest" name="RegisteredUserCanEmailFriendaProduct" time="1.675"/>
  <testcase classname="tests.EmailFriendTest" name="RegisteredUserCanLogout" time="1.048"/>
  <testcase classname="tests.ChangeCurrencyTest" name="UserCanChangeCurrency" time="1.21"/>
  <testcase classname="tests.ChangeCurrencyTest" name="UserCanSearchWithSuggest" time="2.205"/>
  <testcase classname="tests.ContactusTest" name="UserCanUseContactUs" time="1.739"/>
  <testcase classname="tests.ChangePasswordTest" name="RegisteredUserLoginSuccessfully" time="1.875"/>
  <testcase classname="tests.ChangePasswordTest" name="RegisteredUserCanChangePassword" time="3.132"/>
  <testcase classname="tests.ChangePasswordTest" name="RegisteredUserCanLogout" time="1.066"/>
  <testcase classname="tests.ChangePasswordTest" name="UserLoginWithNewPasswordSuccessfully" time="1.939"/>
  <testcase classname="tests.TestBase" name="@AfterSuite stopDriver" time="0.0">
    <ignored/>
  </testcase> <!-- @AfterSuite stopDriver -->
  <testcase classname="tests.TestBase" name="@AfterSuite stopDriver" time="0.0">
    <ignored/>
  </testcase> <!-- @AfterSuite stopDriver -->
  <testcase classname="tests.TestBase" name="@AfterSuite stopDriver" time="0.0">
    <ignored/>
  </testcase> <!-- @AfterSuite stopDriver -->
  <testcase classname="tests.TestBase" name="@AfterSuite stopDriver" time="0.0">
    <ignored/>
  </testcase> <!-- @AfterSuite stopDriver -->
  <testcase classname="tests.TestBase" name="@AfterSuite stopDriver" time="0.0">
    <ignored/>
  </testcase> <!-- @AfterSuite stopDriver -->
  <testcase classname="tests.TestBase" name="@AfterSuite stopDriver" time="0.0">
    <ignored/>
  </testcase> <!-- @AfterSuite stopDriver -->
  <testcase classname="tests.TestBase" name="@AfterSuite stopDriver" time="0.0">
    <ignored/>
  </testcase> <!-- @AfterSuite stopDriver -->
  <testcase classname="tests.TestBase" name="@AfterSuite stopDriver" time="0.0">
    <ignored/>
  </testcase> <!-- @AfterSuite stopDriver -->
  <testcase classname="tests.TestBase" name="@BeforeSuite startDriver" time="0.0">
    <ignored/>
  </testcase> <!-- @BeforeSuite startDriver -->
  <testcase classname="tests.TestBase" name="@BeforeSuite startDriver" time="0.0">
    <ignored/>
  </testcase> <!-- @BeforeSuite startDriver -->
  <testcase classname="tests.TestBase" name="@BeforeSuite startDriver" time="0.0">
    <ignored/>
  </testcase> <!-- @BeforeSuite startDriver -->
  <testcase classname="tests.TestBase" name="@BeforeSuite startDriver" time="0.0">
    <ignored/>
  </testcase> <!-- @BeforeSuite startDriver -->
  <testcase classname="tests.TestBase" name="@BeforeSuite startDriver" time="0.0">
    <ignored/>
  </testcase> <!-- @BeforeSuite startDriver -->
  <testcase classname="tests.TestBase" name="@BeforeSuite startDriver" time="0.0">
    <ignored/>
  </testcase> <!-- @BeforeSuite startDriver -->
  <testcase classname="tests.TestBase" name="@BeforeSuite startDriver" time="0.0">
    <ignored/>
  </testcase> <!-- @BeforeSuite startDriver -->
  <testcase classname="tests.TestBase" name="@BeforeSuite startDriver" time="0.0">
    <ignored/>
  </testcase> <!-- @BeforeSuite startDriver -->
</testsuite> <!-- Regression Test -->
