<?xml version="1.0" encoding="UTF-8"?>
<!-- Generated by org.testng.reporters.JUnitXMLReporter -->
<testsuite ignored="20" hostname="DESKTOP-6L476PM" failures="0" tests="28" name="Regression Test" time="67.296" errors="0" timestamp="2022-02-15T16:26:34 EET">
  <testcase classname="tests.UserRegistrationTest" name="UserRegisterSuccessfully" time="2.892"/>
  <testcase classname="tests.UserRegistrationTest" name="RegisteredUserCanLogout" time="1.854"/>
  <testcase classname="tests.UserRegistrationTest" name="RegisteredUserLoginSuccessfully" time="2.328"/>
  <testcase classname="tests.UserRegistrationTest" name="RegisteredUserLogout" time="1.424"/>
  <testcase classname="tests.SearchProductTest" name="UserCanSearchForItems" time="3.568"/>
  <testcase classname="tests.SearchProductUsingAutocomplete" name="UserCanSearchWithSuggest" time="2.518"/>
  <testcase classname="tests.AddToWishlistTest" name="UserCanSearchWithSuggest" time="2.282"/>
  <testcase classname="tests.AddToWishlistTest" name="UserCanAddProductToWishlist" time="2.754"/>
  <testcase classname="tests.AddToWishlistTest" name="UserCanRemoveProductFromWishlist" time="1.209"/>
  <testcase classname="tests.AddToCartTest" name="UserCanSearchWithSuggest" time="2.6"/>
  <testcase classname="tests.AddToCartTest" name="UserCanAddProductToCart" time="5.217"/>
  <testcase classname="tests.AddToCartTest" name="UserCanRemoveFromCart" time="2.96"/>
  <testcase classname="tests.AddReviewTest" name="RegisteredUserLoginSuccessfully" time="2.345"/>
  <testcase classname="tests.AddReviewTest" name="UserCanSearchWithSuggest" time="2.571"/>
  <testcase classname="tests.AddReviewTest" name="UserCanAddReview" time="2.13"/>
  <testcase classname="tests.AddReviewTest" name="RegisteredUserCanLogout" time="1.751"/>
  <testcase classname="tests.EmailFriendTest" name="RegisteredUserLoginSuccessfully" time="2.549"/>
  <testcase classname="tests.EmailFriendTest" name="UserCanSearchWithSuggest" time="2.444"/>
  <testcase classname="tests.EmailFriendTest" name="RegisteredUserCanEmailFriendaProduct" time="2.556"/>
  <testcase classname="tests.EmailFriendTest" name="RegisteredUserCanLogout" time="1.51"/>
  <testcase classname="tests.ChangeCurrencyTest" name="UserCanChangeCurrency" time="1.134"/>
  <testcase classname="tests.ChangeCurrencyTest" name="UserCanSearchWithSuggest" time="2.205"/>
  <testcase classname="tests.HoverMenuTest" name="UserCanSelectFromHoverMenu" time="1.469"/>
  <testcase classname="tests.ContactusTest" name="UserCanUseContactUs" time="2.072"/>
  <testcase classname="tests.ChangePasswordTest" name="RegisteredUserLoginSuccessfully" time="2.491"/>
  <testcase classname="tests.ChangePasswordTest" name="RegisteredUserCanChangePassword" time="4.477"/>
  <testcase classname="tests.ChangePasswordTest" name="RegisteredUserCanLogout" time="1.183"/>
  <testcase classname="tests.ChangePasswordTest" name="UserLoginWithNewPasswordSuccessfully" time="2.698"/>
  <testcase classname="tests.TestBase" name="@AfterSuite stopDriver" time="0.0">
    <ignored/>
  </testcase> <!-- @AfterSuite stopDriver -->
  <testcase classname="tests.TestBase" name="@AfterSuite stopDriver" time="0.0">
    <ignored/>
  </testcase> <!-- @AfterSuite stopDriver -->
  <testcase classname="tests.TestBase" name="@AfterSuite stopDriver" time="0.0">
    <ignored/>
  </testcase> <!-- @AfterSuite stopDriver -->
  <testcase classname="tests.TestBase" name="@AfterSuite stopDriver" time="0.0">
    <ignored/>
  </testcase> <!-- @AfterSuite stopDriver -->
  <testcase classname="tests.TestBase" name="@AfterSuite stopDriver" time="0.0">
    <ignored/>
  </testcase> <!-- @AfterSuite stopDriver -->
  <testcase classname="tests.TestBase" name="@AfterSuite stopDriver" time="0.0">
    <ignored/>
  </testcase> <!-- @AfterSuite stopDriver -->
  <testcase classname="tests.TestBase" name="@AfterSuite stopDriver" time="0.0">
    <ignored/>
  </testcase> <!-- @AfterSuite stopDriver -->
  <testcase classname="tests.TestBase" name="@AfterSuite stopDriver" time="0.0">
    <ignored/>
  </testcase> <!-- @AfterSuite stopDriver -->
  <testcase classname="tests.TestBase" name="@AfterSuite stopDriver" time="0.0">
    <ignored/>
  </testcase> <!-- @AfterSuite stopDriver -->
  <testcase classname="tests.TestBase" name="@AfterSuite stopDriver" time="0.0">
    <ignored/>
  </testcase> <!-- @AfterSuite stopDriver -->
  <testcase classname="tests.TestBase" name="@BeforeSuite startDriver" time="0.0">
    <ignored/>
  </testcase> <!-- @BeforeSuite startDriver -->
  <testcase classname="tests.TestBase" name="@BeforeSuite startDriver" time="0.0">
    <ignored/>
  </testcase> <!-- @BeforeSuite startDriver -->
  <testcase classname="tests.TestBase" name="@BeforeSuite startDriver" time="0.0">
    <ignored/>
  </testcase> <!-- @BeforeSuite startDriver -->
  <testcase classname="tests.TestBase" name="@BeforeSuite startDriver" time="0.0">
    <ignored/>
  </testcase> <!-- @BeforeSuite startDriver -->
  <testcase classname="tests.TestBase" name="@BeforeSuite startDriver" time="0.0">
    <ignored/>
  </testcase> <!-- @BeforeSuite startDriver -->
  <testcase classname="tests.TestBase" name="@BeforeSuite startDriver" time="0.0">
    <ignored/>
  </testcase> <!-- @BeforeSuite startDriver -->
  <testcase classname="tests.TestBase" name="@BeforeSuite startDriver" time="0.0">
    <ignored/>
  </testcase> <!-- @BeforeSuite startDriver -->
  <testcase classname="tests.TestBase" name="@BeforeSuite startDriver" time="0.0">
    <ignored/>
  </testcase> <!-- @BeforeSuite startDriver -->
  <testcase classname="tests.TestBase" name="@BeforeSuite startDriver" time="0.0">
    <ignored/>
  </testcase> <!-- @BeforeSuite startDriver -->
  <testcase classname="tests.TestBase" name="@BeforeSuite startDriver" time="0.0">
    <ignored/>
  </testcase> <!-- @BeforeSuite startDriver -->
</testsuite> <!-- Regression Test -->
