<?xml version="1.0" encoding="UTF-8"?>
<testng-results ignored="0" total="1" passed="1" failed="0" skipped="0">
  <reporter-output>
  </reporter-output>
  <suite started-at="2022-04-04T17:21:40 EET" name="Surefire suite" finished-at="2022-04-04T17:22:09 EET" duration-ms="29080">
    <groups>
      <group name="cucumber">
        <method signature="AbstractTestNGCucumberTests.runScenario(io.cucumber.testng.PickleWrapper,io.cucumber.testng.FeatureWrapper)[pri:0, instance:runner.Testrunner@78b1cc93]" name="runScenario" class="io.cucumber.testng.AbstractTestNGCucumberTests"/>
      </group> <!-- cucumber -->
    </groups>
    <test started-at="2022-04-04T17:21:40 EET" name="Surefire test" finished-at="2022-04-04T17:22:09 EET" duration-ms="29080">
      <class name="runner.Testrunner">
        <test-method is-config="true" signature="setUpClass(org.testng.ITestContext)[pri:0, instance:runner.Testrunner@78b1cc93]" started-at="2022-04-04T17:21:40 EET" name="setUpClass" finished-at="2022-04-04T17:21:40 EET" duration-ms="627" status="PASS">
          <params>
            <param index="0">
              <value>
                <![CDATA[org.testng.TestRunner@561953e3]]>
              </value>
            </param>
          </params>
          <reporter-output>
          </reporter-output>
        </test-method> <!-- setUpClass -->
        <test-method signature="runScenario(io.cucumber.testng.PickleWrapper,io.cucumber.testng.FeatureWrapper)[pri:0, instance:runner.Testrunner@78b1cc93]" started-at="2022-04-04T17:21:40 EET" name="runScenario" description="Runs Cucumber Scenarios" data-provider="scenarios" finished-at="2022-04-04T17:22:09 EET" duration-ms="28272" status="PASS">
          <params>
            <param index="0">
              <value>
                <![CDATA["Customer place an order by purchasing an item from search"]]>
              </value>
            </param>
            <param index="1">
              <value>
                <![CDATA["Optional[Automated End2End Test]"]]>
              </value>
            </param>
          </params>
          <reporter-output>
          </reporter-output>
        </test-method> <!-- runScenario -->
        <test-method is-config="true" signature="tearDownClass()[pri:0, instance:runner.Testrunner@78b1cc93]" started-at="2022-04-04T17:22:09 EET" name="tearDownClass" finished-at="2022-04-04T17:22:09 EET" duration-ms="132" status="PASS">
          <reporter-output>
          </reporter-output>
        </test-method> <!-- tearDownClass -->
      </class> <!-- runner.Testrunner -->
    </test> <!-- Surefire test -->
  </suite> <!-- Surefire suite -->
</testng-results>
