<?xml version="1.0" encoding="UTF-8"?>
<testng-results ignored="0" total="1" passed="1" failed="0" skipped="0">
  <reporter-output>
  </reporter-output>
  <suite started-at="2022-03-09T15:02:59 EET" name="Default suite" finished-at="2022-03-09T15:03:03 EET" duration-ms="4179">
    <groups>
    </groups>
    <test started-at="2022-03-09T15:02:59 EET" name="Default test" finished-at="2022-03-09T15:03:03 EET" duration-ms="4179">
      <class name="tests.SearchProductUsingAutocomplete">
        <test-method is-config="true" signature="startDriver()[pri:0, instance:tests.SearchProductUsingAutocomplete@4d9e68d0]" started-at="2022-03-09T15:02:51 EET" name="startDriver" finished-at="2022-03-09T15:02:59 EET" duration-ms="8420" status="PASS">
          <reporter-output>
          </reporter-output>
        </test-method> <!-- startDriver -->
        <test-method signature="UserCanSearchWithSuggest()[pri:0, instance:tests.SearchProductUsingAutocomplete@4d9e68d0]" started-at="2022-03-09T15:02:59 EET" name="UserCanSearchWithSuggest" finished-at="2022-03-09T15:03:03 EET" duration-ms="4127" status="PASS">
          <reporter-output>
          </reporter-output>
        </test-method> <!-- UserCanSearchWithSuggest -->
        <test-method is-config="true" signature="stopDriver()[pri:0, instance:tests.SearchProductUsingAutocomplete@4d9e68d0]" started-at="2022-03-09T15:03:03 EET" name="stopDriver" finished-at="2022-03-09T15:03:04 EET" duration-ms="429" status="PASS">
          <reporter-output>
          </reporter-output>
        </test-method> <!-- stopDriver -->
      </class> <!-- tests.SearchProductUsingAutocomplete -->
    </test> <!-- Default test -->
  </suite> <!-- Default suite -->
</testng-results>
